#neovim
#emote
#trash-cli-git
#downgrade
#steam
#gamemode
#gamescope
#mangohud
spotify
spicetify-cli
wl-clipboard
swaybg
swayidle
xorg-xwayland
xorg-xhost
xdg-desktop-portal-gtk
trash-cli
timeshift
grub-btrfs
opendoas
rhythmbox
qbittorrent
mpv
playerctl
ffmpeg
bat
ffmpegthumbnailer
freedownloadmanager
figlet
zsync
unzip
tar
sudo
sed
grep
wget
curl
nodejs
npm
cargo
tree
lazygit
binutils
coreutils
fuse
python-pip
trizen
tmux
neovim
tumbler
ttf-font-awesome    
ttf-nerd-fonts-symbols-common
otf-firamono-nerd
inter-font
otf-sora
ttf-fantasque-nerd
noto-fonts
noto-fonts-emoji
ttf-comfortaa
ttf-icomoon-feather
ttf-iosevka-nerd
gvfs
wlsunset
syncthing
unrar
auto-cpufreq
floorp
htop
tlp
